13:19:01.995  INFO  [lib Actividad3] Qizx 4.4p1 creating new XML Library in C:\Users\1DAW_2223_12\Desktop\LMSGI\UD6\Actividad3\Actividad3
13:19:01.995  INFO  [lib Actividad3] create storage in C:\Users\1DAW_2223_12\Desktop\LMSGI\UD6\Actividad3\Actividad3\contents.qdb
13:19:01.995  INFO  [lib Actividad3] storage created
13:19:02.183  INFO  [lib Actividad3] library creation done
13:19:11.185  INFO  [lib Actividad3] commit start Actividad3 (session 1)
13:19:11.216  INFO  [lib Actividad3] commit 1 on Actividad3 (session 1)
13:19:11.232  INFO  [lib Actividad3] commit 1 done
13:19:11.232  INFO  [lib Actividad3] commit end Actividad3 (session 1) -> state: [ 1 ][ 1 2 ]
13:19:11.232  INFO  [lib Actividad3] sweeper deleted 1/1 metadocs: 5
13:20:33.685  INFO  [lib Actividad3] commit start Actividad3 (session 1)
13:20:33.686  INFO  [lib Actividad3] commit 2 on Actividad3 (session 1)
13:20:33.702  INFO  [lib Actividad3] commit 2 done
13:20:33.702  INFO  [lib Actividad3] sweeper deleted 1/1 docs: 8 in ms 0.159
13:20:33.702  INFO  [lib Actividad3] sweeper deleted 2/2 metadocs: 9, 11
13:20:33.702  INFO  [lib Actividad3] commit end Actividad3 (session 1) -> state: [ 1 ][ 1 2 3 ]
13:21:12.036  INFO  [lib Actividad3] commit start Actividad3 (session 1)
13:21:12.067  INFO  [lib Actividad3] commit 3 on Actividad3 (session 1)
13:21:12.099  INFO  [lib Actividad3] commit 3 done
13:21:12.099  INFO  [lib Actividad3] commit end Actividad3 (session 1) -> state: [ 1 2 ][ 1 2 3 4 ]
13:21:12.114  INFO  [lib Actividad3] sweeper deleted 1/1 metadocs: 15
13:21:22.996  INFO  [lib Actividad3] commit start Actividad3 (session 1)
13:21:22.996  INFO  [lib Actividad3] commit 4 on Actividad3 (session 1)
13:21:23.016  INFO  [lib Actividad3] commit 4 done
13:21:23.017  INFO  [lib Actividad3] commit end Actividad3 (session 1) -> state: [ 1 2 ][ 1 2 3 4 5 ]
13:21:23.019  INFO  [lib Actividad3] sweeper deleted 1/1 docs: 18 in ms 0.0445
13:21:23.019  INFO  [lib Actividad3] sweeper deleted 2/2 metadocs: 19, 21
13:21:30.523  INFO  [lib Actividad3] commit start Actividad3 (session 1)
13:21:30.539  INFO  [lib Actividad3] commit 5 on Actividad3 (session 1)
13:21:30.554  INFO  [lib Actividad3] commit 5 done
13:21:30.554  INFO  [lib Actividad3] commit end Actividad3 (session 1) -> state: [ 1 2 3 ][ 1 2 3 4 5 6 ]
13:21:30.570  INFO  [lib Actividad3] sweeper deleted 1/1 metadocs: 25
13:43:35.072  INFO  [lib Actividad3] All sessions closed
13:43:35.072  INFO  [lib Actividad3] Sweeper stopped
13:43:35.074  INFO  [lib Actividad3] library closed 
